#
# A fatal error has been detected by the Java Runtime Environment:
#
#  EXCEPTION_ACCESS_VIOLATION (0xc0000005) at pc=0x00007ffd232acb26, pid=21600, tid=4712
#
# JRE version: OpenJDK Runtime Environment AdoptOpenJDK (11.0.10+9) (build 11.0.10+9)
# Java VM: OpenJDK 64-Bit Server VM AdoptOpenJDK (11.0.10+9, mixed mode, tiered, compressed oops, g1 gc, windows-amd64)
# Problematic frame:
# V  [jvm.dll+0x70cb26]
#
# No core dump will be written. Minidumps are not enabled by default on client versions of Windows
#
# If you would like to submit a bug report, please visit:
#   https://github.com/AdoptOpenJDK/openjdk-support/issues
#

---------------  S U M M A R Y ------------

Command Line: -Dfile.encoding=UTF-8 --module-path=C:\Users\eltu_\OneDrive\Escritorio\PROGRAMACION 2 - PROYECT\PubliccacionesPR2\ProyectProgra2\build\classes proyectprogra2.ProyectProgra2

Host: Intel(R) Core(TM) i5-7200U CPU @ 2.50GHz, 4 cores, 15G,  Windows 10 , 64 bit Build 19041 (10.0.19041.928)
Time: Mon May 24 22:48:46 2021 Hora est. Pacífico, Sudamérica elapsed time: 2.988371 seconds (0d 0h 0m 2s)

---------------  T H R E A D  ---------------

Current thread (0x00000288ffdd7000):  GCTaskThread "GC Thread#2" [stack: 0x0000009e46d00000,0x0000009e46e00000] [id=4712]

Stack: [0x0000009e46d00000,0x0000009e46e00000],  sp=0x0000009e46dff910,  free space=1022k
Native frames: (J=compiled Java code, j=interpreted, Vv=VM code, C=native code)
V  [jvm.dll+0x70cb26]
V  [jvm.dll+0x70d884]
V  [jvm.dll+0x2dd69e]
V  [jvm.dll+0x2dd25f]
V  [jvm.dll+0x7a9490]
V  [jvm.dll+0x739ba4]
V  [jvm.dll+0x5f2466]
C  [ucrtbase.dll+0x21bb2]
C  [KERNEL32.DLL+0x17034]
C  [ntdll.dll+0x52651]


siginfo: EXCEPTION_ACCESS_VIOLATION (0xc0000005), reading address 0x00000288f77dbeda


Register to memory mapping:

RIP=0x00007ffd232acb26 jvm.dll
RAX=0x000000000000ffff is an unknown value
RBX=0x00000288ff4e3860 points into unknown readable memory: 0x0000000000ca41f0 | f0 41 ca 00 00 00 00 00
RCX=0x00000288f77dbed8 is an unknown value
RDX=0x0000000000000020 is an unknown value
RSP=0x0000009e46dff910 points into unknown readable memory: 0x00007ffd2342f230 | 30 f2 42 23 fd 7f 00 00
RBP=0x0000009e46dff970 points into unknown readable memory: 0x0000000200001b6c | 6c 1b 00 00 02 00 00 00
RSI=0x00000288ffc5d298 points into unknown readable memory: 0x00000288ff4e3860 | 60 38 4e ff 88 02 00 00
RDI=0x0000009e46dff9c0 points into unknown readable memory: 0x0000000000000000 | 00 00 00 00 00 00 00 00
R8 =0x0000009e46dff970 points into unknown readable memory: 0x0000000200001b6c | 6c 1b 00 00 02 00 00 00
R9 =0x0000000000000001 is an unknown value
R10=0x0000000000008000 is an unknown value
R11=0x0000009e46dff870 points into unknown readable memory: 0x00000000000066e8 | e8 66 00 00 00 00 00 00
R12=0x0000000000000002 is an unknown value
R13=0x0 is NULL
R14=0x000000000000f5f0 is an unknown value
R15=0x000000000000f5f0 is an unknown value


Registers:
RAX=0x000000000000ffff, RBX=0x00000288ff4e3860, RCX=0x00000288f77dbed8, RDX=0x0000000000000020
RSP=0x0000009e46dff910, RBP=0x0000009e46dff970, RSI=0x00000288ffc5d298, RDI=0x0000009e46dff9c0
R8 =0x0000009e46dff970, R9 =0x0000000000000001, R10=0x0000000000008000, R11=0x0000009e46dff870
R12=0x0000000000000002, R13=0x0000000000000000, R14=0x000000000000f5f0, R15=0x000000000000f5f0
RIP=0x00007ffd232acb26, EFLAGS=0x0000000000010206

Top of Stack: (sp=0x0000009e46dff910)
0x0000009e46dff910:   00007ffd2342f230 00007ffd00000000
0x0000009e46dff920:   0000009e45bfe850 0000000000000006
0x0000009e46dff930:   0000000000000000 00000288ffdd7000
0x0000009e46dff940:   0000009e46dffb50 00007ffd232ad884
0x0000009e46dff950:   0000000000004e2b 0000009e46dff9f8
0x0000009e46dff960:   0000009e46dff9c0 0000000000000000
0x0000009e46dff970:   0000000200001b6c 00000288a343a850
0x0000009e46dff980:   00000288a344e5a8 0000000000000000
0x0000009e46dff990:   0000000000000001 00007ffd22e7d69e
0x0000009e46dff9a0:   0000009e45bfe710 0000009e45bfe6f0
0x0000009e46dff9b0:   0000000000000000 00000288ffdd7000
0x0000009e46dff9c0:   0000000000000000 0000000000000000
0x0000009e46dff9d0:   0000000000000001 00007ffd22e7d25f
0x0000009e46dff9e0:   0000028800000fc0 00000288fabf19d0
0x0000009e46dff9f0:   0000009e00000006 0000000000000000
0x0000009e46dffa00:   00000000000075a3 0000000000000000 

Instructions: (pc=0x00007ffd232acb26)
0x00007ffd232aca26:   48 8b 84 24 a0 00 00 00 48 63 0c 18 48 8b 42 08
0x00007ffd232aca36:   c6 44 08 04 01 48 89 7c ca 40 48 8b bc 24 a0 00
0x00007ffd232aca46:   00 00 48 8b 8c 24 a8 00 00 00 48 ff c6 48 83 c3
0x00007ffd232aca56:   04 49 3b f7 0f 8c 90 fe ff ff b0 01 48 8b 5c 24
0x00007ffd232aca66:   70 48 83 c4 30 41 5f 41 5e 41 5d 41 5c 5f 5e 5d
0x00007ffd232aca76:   c3 4c 8b 0d 9a 9b 39 00 48 8d 05 43 59 1d 00 48
0x00007ffd232aca86:   8b 8c 24 b0 00 00 00 48 8d 15 54 59 1d 00 41 b8
0x00007ffd232aca96:   ff 01 00 00 48 89 44 24 20 e8 5c 5e bb ff 32 c0
0x00007ffd232acaa6:   eb ba cc cc cc cc cc cc cc cc 3b ca 0f 8d d2 00
0x00007ffd232acab6:   00 00 55 48 83 ec 30 48 89 5c 24 40 2b d1 48 89
0x00007ffd232acac6:   74 24 48 49 8b e8 48 89 7c 24 50 4c 89 64 24 58
0x00007ffd232acad6:   4c 89 74 24 28 48 63 c1 4c 89 7c 24 20 44 8b e2
0x00007ffd232acae6:   4c 8d 34 c5 00 00 00 00 4d 8b fe 48 8b 05 88 f3
0x00007ffd232acaf6:   37 00 48 8b 58 08 49 8d 34 1f 49 8b 1c 1e 48 85
0x00007ffd232acb06:   db 74 50 0f 1f 80 00 00 00 00 f6 43 08 01 74 09
0x00007ffd232acb16:   83 3d 93 2a 36 00 00 74 3a 48 8b 4b 10 ff 45 00
0x00007ffd232acb26:   0f b7 41 02 66 85 c0 75 1d e8 fc 1b 9b ff 48 8b
0x00007ffd232acb36:   43 08 48 8b d3 48 83 e0 fe 48 8b cd 48 89 06 e8
0x00007ffd232acb46:   16 a5 c2 ff eb 04 48 8d 73 08 48 8b 1e 48 83 e3
0x00007ffd232acb56:   fe 75 b7 49 83 c7 08 49 83 c6 08 49 83 ec 01 75
0x00007ffd232acb66:   8a 4c 8b 7c 24 20 4c 8b 74 24 28 4c 8b 64 24 58
0x00007ffd232acb76:   48 8b 7c 24 50 48 8b 74 24 48 48 8b 5c 24 40 48
0x00007ffd232acb86:   83 c4 30 5d c3 cc cc cc cc cc 40 55 48 83 ec 30
0x00007ffd232acb96:   48 8b e9 84 d2 75 1e 48 8b d1 4c 8d 05 49 59 1d
0x00007ffd232acba6:   00 48 8b 0d d2 f2 37 00 45 33 c9 48 83 c4 30 5d
0x00007ffd232acbb6:   e9 a5 ac c2 ff 48 8d 15 7e 05 1b 00 4c 89 74 24
0x00007ffd232acbc6:   28 e8 24 8b ee ff 48 8b 05 ad f2 37 00 45 33 f6
0x00007ffd232acbd6:   44 39 30 0f 8e 97 00 00 00 48 89 5c 24 40 48 89
0x00007ffd232acbe6:   74 24 48 48 89 7c 24 50 4c 89 7c 24 20 45 8b fe
0x00007ffd232acbf6:   66 66 0f 1f 84 00 00 00 00 00 48 8b 40 08 49 8b
0x00007ffd232acc06:   1c 07 48 85 db 74 42 0f 1f 00 48 8b 7b 10 48 8d
0x00007ffd232acc16:   15 e5 58 1d 00 48 8b cd 0f b7 37 44 0f bf 4f 02 


Stack slot to memory mapping:
stack at sp + 0 slots: 0x00007ffd2342f230 jvm.dll
stack at sp + 1 slots: 0x00007ffd00000000 is an unknown value
stack at sp + 2 slots: 0x0000009e45bfe850 points into unknown readable memory: 0x00007ffd2341d5f8 | f8 d5 41 23 fd 7f 00 00
stack at sp + 3 slots: 0x0000000000000006 is an unknown value
stack at sp + 4 slots: 0x0 is NULL
stack at sp + 5 slots: 0x00000288ffdd7000 points into unknown readable memory: 0x00007ffd234a8ec0 | c0 8e 4a 23 fd 7f 00 00
stack at sp + 6 slots: 0x0000009e46dffb50 points into unknown readable memory: 0x00000000000075a3 | a3 75 00 00 00 00 00 00
stack at sp + 7 slots: 0x00007ffd232ad884 jvm.dll


---------------  P R O C E S S  ---------------

Threads class SMR info:
_java_thread_list=0x00000288ffd1d250, length=16, elements={
0x00000288facee000, 0x00000288ff2bf800, 0x00000288ff2c0800, 0x00000288ff318800,
0x00000288ff319800, 0x00000288ff31c000, 0x00000288ff321000, 0x00000288ff327800,
0x00000288ff348000, 0x00000288fea50000, 0x00000288ffa0f800, 0x00000288ffa6d800,
0x00000288fff53800, 0x00000288ffec9800, 0x00000288a3353800, 0x00000288ffd0e000
}

Java Threads: ( => current thread )
  0x00000288facee000 JavaThread "main" [_thread_blocked, id=3396, stack(0x0000009e45500000,0x0000009e45600000)]
  0x00000288ff2bf800 JavaThread "Reference Handler" daemon [_thread_blocked, id=6208, stack(0x0000009e45c00000,0x0000009e45d00000)]
  0x00000288ff2c0800 JavaThread "Finalizer" daemon [_thread_blocked, id=18688, stack(0x0000009e45d00000,0x0000009e45e00000)]
  0x00000288ff318800 JavaThread "Signal Dispatcher" daemon [_thread_blocked, id=11864, stack(0x0000009e45e00000,0x0000009e45f00000)]
  0x00000288ff319800 JavaThread "Attach Listener" daemon [_thread_blocked, id=4044, stack(0x0000009e45f00000,0x0000009e46000000)]
  0x00000288ff31c000 JavaThread "Service Thread" daemon [_thread_blocked, id=16068, stack(0x0000009e46000000,0x0000009e46100000)]
  0x00000288ff321000 JavaThread "C2 CompilerThread0" daemon [_thread_blocked, id=12344, stack(0x0000009e46100000,0x0000009e46200000)]
  0x00000288ff327800 JavaThread "C1 CompilerThread0" daemon [_thread_blocked, id=17712, stack(0x0000009e46200000,0x0000009e46300000)]
  0x00000288ff348000 JavaThread "Sweeper thread" daemon [_thread_blocked, id=21424, stack(0x0000009e46300000,0x0000009e46400000)]
  0x00000288fea50000 JavaThread "Common-Cleaner" daemon [_thread_blocked, id=4772, stack(0x0000009e46400000,0x0000009e46500000)]
  0x00000288ffa0f800 JavaThread "Java2D Disposer" daemon [_thread_blocked, id=7552, stack(0x0000009e46600000,0x0000009e46700000)]
  0x00000288ffa6d800 JavaThread "AWT-Windows" daemon [_thread_in_native, id=16740, stack(0x0000009e46800000,0x0000009e46900000)]
  0x00000288fff53800 JavaThread "AWT-Shutdown" [_thread_blocked, id=6480, stack(0x0000009e46700000,0x0000009e46800000)]
  0x00000288ffec9800 JavaThread "AWT-EventQueue-0" [_thread_blocked, id=12788, stack(0x0000009e46a00000,0x0000009e46b00000)]
  0x00000288a3353800 JavaThread "Image Fetcher 0" daemon [_thread_blocked, id=16552, stack(0x0000009e46b00000,0x0000009e46c00000)]
  0x00000288ffd0e000 JavaThread "mysql-cj-abandoned-connection-cleanup" daemon [_thread_blocked, id=688, stack(0x0000009e47300000,0x0000009e47400000)]

Other Threads:
  0x00000288ff298800 VMThread "VM Thread" [stack: 0x0000009e45b00000,0x0000009e45c00000] [id=4148]
  0x00000288ff562800 WatcherThread [stack: 0x0000009e46500000,0x0000009e46600000] [id=12276]
  0x00000288facce000 GCTaskThread "GC Thread#0" [stack: 0x0000009e45600000,0x0000009e45700000] [id=4728]
  0x00000288a3284800 GCTaskThread "GC Thread#1" [stack: 0x0000009e46c00000,0x0000009e46d00000] [id=22144]
=>0x00000288ffdd7000 GCTaskThread "GC Thread#2" [stack: 0x0000009e46d00000,0x0000009e46e00000] [id=4712]
  0x00000288ff9f8000 GCTaskThread "GC Thread#3" [stack: 0x0000009e46e00000,0x0000009e46f00000] [id=5108]
  0x00000288fad5c800 ConcurrentGCThread "G1 Main Marker" [stack: 0x0000009e45700000,0x0000009e45800000] [id=21840]
  0x00000288fad5e000 ConcurrentGCThread "G1 Conc#0" [stack: 0x0000009e45800000,0x0000009e45900000] [id=6756]
  0x00000288fe8fc000 ConcurrentGCThread "G1 Refine#0" [stack: 0x0000009e45900000,0x0000009e45a00000] [id=20752]
  0x00000288a33ba000 ConcurrentGCThread "G1 Refine#1" [stack: 0x0000009e46f00000,0x0000009e47000000] [id=14664]
  0x00000288fe8fd000 ConcurrentGCThread "G1 Young RemSet Sampling" [stack: 0x0000009e45a00000,0x0000009e45b00000] [id=2728]

Threads with active compile tasks:
C2 CompilerThread0   3155 1561       4       java.lang.StringBuilder::append (8 bytes)

VM state:at safepoint (normal execution)

VM Mutex/Monitor currently owned by a thread:  ([mutex/lock_event])
[0x00000288faceac90] Threads_lock - owner thread: 0x00000288ff298800
[0x00000288faceb230] Heap_lock - owner thread: 0x00000288fad5c800

Heap address: 0x0000000702000000, size: 4064 MB, Compressed Oops mode: Zero based, Oop shift amount: 3
Narrow klass base: 0x0000000800000000, Narrow klass shift: 0
Compressed class space size: 1073741824 Address: 0x0000000800000000

Heap:
 garbage-first heap   total 260096K, used 7691K [0x0000000702000000, 0x0000000800000000)
  region size 1024K, 3 young (3072K), 2 survivors (2048K)
 Metaspace       used 20791K, capacity 21323K, committed 21504K, reserved 1069056K
  class space    used 2234K, capacity 2507K, committed 2560K, reserved 1048576K
Heap Regions: E=young(eden), S=young(survivor), O=old, HS=humongous(starts), HC=humongous(continues), CS=collection set, F=free, A=archive, TAMS=top-at-mark-start (previous, next)
|   0|0x0000000702000000, 0x0000000702100000, 0x0000000702100000|100%| O|  |TAMS 0x0000000702000000, 0x0000000702100000| Untracked 
|   1|0x0000000702100000, 0x0000000702200000, 0x0000000702200000|100%| O|  |TAMS 0x0000000702100000, 0x0000000702200000| Untracked 
|   2|0x0000000702200000, 0x0000000702300000, 0x0000000702300000|100%| O|  |TAMS 0x0000000702200000, 0x0000000702300000| Untracked 
|   3|0x0000000702300000, 0x0000000702400000, 0x0000000702400000|100%|HS|  |TAMS 0x0000000702300000, 0x0000000702400000| Complete 
|   4|0x0000000702400000, 0x0000000702500000, 0x0000000702500000|100%|HC|  |TAMS 0x0000000702400000, 0x0000000702500000| Complete 
|   5|0x0000000702500000, 0x0000000702600000, 0x0000000702600000|100%| O|  |TAMS 0x0000000702500000, 0x0000000702600000| Untracked 
|   6|0x0000000702600000, 0x0000000702641a00, 0x0000000702700000| 25%| O|  |TAMS 0x0000000702600000, 0x0000000702641a00| Untracked 
|   7|0x0000000702700000, 0x0000000702700000, 0x0000000702800000|  0%| F|  |TAMS 0x0000000702700000, 0x0000000702700000| Untracked 
|   8|0x0000000702800000, 0x0000000702800000, 0x0000000702900000|  0%| F|  |TAMS 0x0000000702800000, 0x0000000702800000| Untracked 
|   9|0x0000000702900000, 0x0000000702900000, 0x0000000702a00000|  0%| F|  |TAMS 0x0000000702900000, 0x0000000702900000| Untracked 
|  10|0x0000000702a00000, 0x0000000702a00000, 0x0000000702b00000|  0%| F|  |TAMS 0x0000000702a00000, 0x0000000702a00000| Untracked 
|  11|0x0000000702b00000, 0x0000000702b00000, 0x0000000702c00000|  0%| F|  |TAMS 0x0000000702b00000, 0x0000000702b00000| Untracked 
|  12|0x0000000702c00000, 0x0000000702c00000, 0x0000000702d00000|  0%| F|  |TAMS 0x0000000702c00000, 0x0000000702c00000| Untracked 
|  13|0x0000000702d00000, 0x0000000702d00000, 0x0000000702e00000|  0%| F|  |TAMS 0x0000000702d00000, 0x0000000702d00000| Untracked 
|  14|0x0000000702e00000, 0x0000000702e00000, 0x0000000702f00000|  0%| F|  |TAMS 0x0000000702e00000, 0x0000000702e00000| Untracked 
|  15|0x0000000702f00000, 0x0000000702f00000, 0x0000000703000000|  0%| F|  |TAMS 0x0000000702f00000, 0x0000000702f00000| Untracked 
|  16|0x0000000703000000, 0x0000000703000000, 0x0000000703100000|  0%| F|  |TAMS 0x0000000703000000, 0x0000000703000000| Untracked 
|  17|0x0000000703100000, 0x0000000703100000, 0x0000000703200000|  0%| F|  |TAMS 0x0000000703100000, 0x0000000703100000| Untracked 
|  18|0x0000000703200000, 0x0000000703200000, 0x0000000703300000|  0%| F|  |TAMS 0x0000000703200000, 0x0000000703200000| Untracked 
|  19|0x0000000703300000, 0x0000000703300000, 0x0000000703400000|  0%| F|  |TAMS 0x0000000703300000, 0x0000000703300000| Untracked 
|  20|0x0000000703400000, 0x0000000703400000, 0x0000000703500000|  0%| F|  |TAMS 0x0000000703400000, 0x0000000703400000| Untracked 
|  21|0x0000000703500000, 0x0000000703500000, 0x0000000703600000|  0%| F|  |TAMS 0x0000000703500000, 0x0000000703500000| Untracked 
|  22|0x0000000703600000, 0x0000000703600000, 0x0000000703700000|  0%| F|  |TAMS 0x0000000703600000, 0x0000000703600000| Untracked 
|  23|0x0000000703700000, 0x0000000703700000, 0x0000000703800000|  0%| F|  |TAMS 0x0000000703700000, 0x0000000703700000| Untracked 
|  24|0x0000000703800000, 0x0000000703800000, 0x0000000703900000|  0%| F|  |TAMS 0x0000000703800000, 0x0000000703800000| Untracked 
|  25|0x0000000703900000, 0x0000000703900000, 0x0000000703a00000|  0%| F|  |TAMS 0x0000000703900000, 0x0000000703900000| Untracked 
|  26|0x0000000703a00000, 0x0000000703a00000, 0x0000000703b00000|  0%| F|  |TAMS 0x0000000703a00000, 0x0000000703a00000| Untracked 
|  27|0x0000000703b00000, 0x0000000703b00000, 0x0000000703c00000|  0%| F|  |TAMS 0x0000000703b00000, 0x0000000703b00000| Untracked 
|  28|0x0000000703c00000, 0x0000000703c00000, 0x0000000703d00000|  0%| F|  |TAMS 0x0000000703c00000, 0x0000000703c00000| Untracked 
|  29|0x0000000703d00000, 0x0000000703d00000, 0x0000000703e00000|  0%| F|  |TAMS 0x0000000703d00000, 0x0000000703d00000| Untracked 
|  30|0x0000000703e00000, 0x0000000703e00000, 0x0000000703f00000|  0%| F|  |TAMS 0x0000000703e00000, 0x0000000703e00000| Untracked 
|  31|0x0000000703f00000, 0x0000000703f00000, 0x0000000704000000|  0%| F|  |TAMS 0x0000000703f00000, 0x0000000703f00000| Untracked 
|  32|0x0000000704000000, 0x0000000704000000, 0x0000000704100000|  0%| F|  |TAMS 0x0000000704000000, 0x0000000704000000| Untracked 
|  33|0x0000000704100000, 0x0000000704100000, 0x0000000704200000|  0%| F|  |TAMS 0x0000000704100000, 0x0000000704100000| Untracked 
|  34|0x0000000704200000, 0x0000000704200000, 0x0000000704300000|  0%| F|  |TAMS 0x0000000704200000, 0x0000000704200000| Untracked 
|  35|0x0000000704300000, 0x0000000704300000, 0x0000000704400000|  0%| F|  |TAMS 0x0000000704300000, 0x0000000704300000| Untracked 
|  36|0x0000000704400000, 0x0000000704400000, 0x0000000704500000|  0%| F|  |TAMS 0x0000000704400000, 0x0000000704400000| Untracked 
|  37|0x0000000704500000, 0x0000000704500000, 0x0000000704600000|  0%| F|  |TAMS 0x0000000704500000, 0x0000000704500000| Untracked 
|  38|0x0000000704600000, 0x0000000704600000, 0x0000000704700000|  0%| F|  |TAMS 0x0000000704600000, 0x0000000704600000| Untracked 
|  39|0x0000000704700000, 0x0000000704700000, 0x0000000704800000|  0%| F|  |TAMS 0x0000000704700000, 0x0000000704700000| Untracked 
|  40|0x0000000704800000, 0x0000000704800000, 0x0000000704900000|  0%| F|  |TAMS 0x0000000704800000, 0x0000000704800000| Untracked 
|  41|0x0000000704900000, 0x0000000704900000, 0x0000000704a00000|  0%| F|  |TAMS 0x0000000704900000, 0x0000000704900000| Untracked 
|  42|0x0000000704a00000, 0x0000000704a00000, 0x0000000704b00000|  0%| F|  |TAMS 0x0000000704a00000, 0x0000000704a00000| Untracked 
|  43|0x0000000704b00000, 0x0000000704b00000, 0x0000000704c00000|  0%| F|  |TAMS 0x0000000704b00000, 0x0000000704b00000| Untracked 
|  44|0x0000000704c00000, 0x0000000704c00000, 0x0000000704d00000|  0%| F|  |TAMS 0x0000000704c00000, 0x0000000704c00000| Untracked 
|  45|0x0000000704d00000, 0x0000000704d00000, 0x0000000704e00000|  0%| F|  |TAMS 0x0000000704d00000, 0x0000000704d00000| Untracked 
|  46|0x0000000704e00000, 0x0000000704e00000, 0x0000000704f00000|  0%| F|  |TAMS 0x0000000704e00000, 0x0000000704e00000| Untracked 
|  47|0x0000000704f00000, 0x0000000704f00000, 0x0000000705000000|  0%| F|  |TAMS 0x0000000704f00000, 0x0000000704f00000| Untracked 
|  48|0x0000000705000000, 0x0000000705000000, 0x0000000705100000|  0%| F|  |TAMS 0x0000000705000000, 0x0000000705000000| Untracked 
|  49|0x0000000705100000, 0x0000000705100000, 0x0000000705200000|  0%| F|  |TAMS 0x0000000705100000, 0x0000000705100000| Untracked 
|  50|0x0000000705200000, 0x0000000705200000, 0x0000000705300000|  0%| F|  |TAMS 0x0000000705200000, 0x0000000705200000| Untracked 
|  51|0x0000000705300000, 0x0000000705300000, 0x0000000705400000|  0%| F|  |TAMS 0x0000000705300000, 0x0000000705300000| Untracked 
|  52|0x0000000705400000, 0x0000000705400000, 0x0000000705500000|  0%| F|  |TAMS 0x0000000705400000, 0x0000000705400000| Untracked 
|  53|0x0000000705500000, 0x0000000705500000, 0x0000000705600000|  0%| F|  |TAMS 0x0000000705500000, 0x0000000705500000| Untracked 
|  54|0x0000000705600000, 0x0000000705600000, 0x0000000705700000|  0%| F|  |TAMS 0x0000000705600000, 0x0000000705600000| Untracked 
|  55|0x0000000705700000, 0x0000000705700000, 0x0000000705800000|  0%| F|  |TAMS 0x0000000705700000, 0x0000000705700000| Untracked 
|  56|0x0000000705800000, 0x0000000705800000, 0x0000000705900000|  0%| F|  |TAMS 0x0000000705800000, 0x0000000705800000| Untracked 
|  57|0x0000000705900000, 0x0000000705900000, 0x0000000705a00000|  0%| F|  |TAMS 0x0000000705900000, 0x0000000705900000| Untracked 
|  58|0x0000000705a00000, 0x0000000705a00000, 0x0000000705b00000|  0%| F|  |TAMS 0x0000000705a00000, 0x0000000705a00000| Untracked 
|  59|0x0000000705b00000, 0x0000000705b00000, 0x0000000705c00000|  0%| F|  |TAMS 0x0000000705b00000, 0x0000000705b00000| Untracked 
|  60|0x0000000705c00000, 0x0000000705c00000, 0x0000000705d00000|  0%| F|  |TAMS 0x0000000705c00000, 0x0000000705c00000| Untracked 
|  61|0x0000000705d00000, 0x0000000705d00000, 0x0000000705e00000|  0%| F|  |TAMS 0x0000000705d00000, 0x0000000705d00000| Untracked 
|  62|0x0000000705e00000, 0x0000000705e00000, 0x0000000705f00000|  0%| F|  |TAMS 0x0000000705e00000, 0x0000000705e00000| Untracked 
|  63|0x0000000705f00000, 0x0000000705f00000, 0x0000000706000000|  0%| F|  |TAMS 0x0000000705f00000, 0x0000000705f00000| Untracked 
|  64|0x0000000706000000, 0x0000000706000000, 0x0000000706100000|  0%| F|  |TAMS 0x0000000706000000, 0x0000000706000000| Untracked 
|  65|0x0000000706100000, 0x0000000706100000, 0x0000000706200000|  0%| F|  |TAMS 0x0000000706100000, 0x0000000706100000| Untracked 
|  66|0x0000000706200000, 0x0000000706200000, 0x0000000706300000|  0%| F|  |TAMS 0x0000000706200000, 0x0000000706200000| Untracked 
|  67|0x0000000706300000, 0x0000000706300000, 0x0000000706400000|  0%| F|  |TAMS 0x0000000706300000, 0x0000000706300000| Untracked 
|  68|0x0000000706400000, 0x0000000706400000, 0x0000000706500000|  0%| F|  |TAMS 0x0000000706400000, 0x0000000706400000| Untracked 
|  69|0x0000000706500000, 0x0000000706500000, 0x0000000706600000|  0%| F|  |TAMS 0x0000000706500000, 0x0000000706500000| Untracked 
|  70|0x0000000706600000, 0x0000000706600000, 0x0000000706700000|  0%| F|  |TAMS 0x0000000706600000, 0x0000000706600000| Untracked 
|  71|0x0000000706700000, 0x0000000706700000, 0x0000000706800000|  0%| F|  |TAMS 0x0000000706700000, 0x0000000706700000| Untracked 
|  72|0x0000000706800000, 0x0000000706800000, 0x0000000706900000|  0%| F|  |TAMS 0x0000000706800000, 0x0000000706800000| Untracked 
|  73|0x0000000706900000, 0x0000000706900000, 0x0000000706a00000|  0%| F|  |TAMS 0x0000000706900000, 0x0000000706900000| Untracked 
|  74|0x0000000706a00000, 0x0000000706a00000, 0x0000000706b00000|  0%| F|  |TAMS 0x0000000706a00000, 0x0000000706a00000| Untracked 
|  75|0x0000000706b00000, 0x0000000706b00000, 0x0000000706c00000|  0%| F|  |TAMS 0x0000000706b00000, 0x0000000706b00000| Untracked 
|  76|0x0000000706c00000, 0x0000000706c00000, 0x0000000706d00000|  0%| F|  |TAMS 0x0000000706c00000, 0x0000000706c00000| Untracked 
|  77|0x0000000706d00000, 0x0000000706d00000, 0x0000000706e00000|  0%| F|  |TAMS 0x0000000706d00000, 0x0000000706d00000| Untracked 
|  78|0x0000000706e00000, 0x0000000706e00000, 0x0000000706f00000|  0%| F|  |TAMS 0x0000000706e00000, 0x0000000706e00000| Untracked 
|  79|0x0000000706f00000, 0x0000000706f00000, 0x0000000707000000|  0%| F|  |TAMS 0x0000000706f00000, 0x0000000706f00000| Untracked 
|  80|0x0000000707000000, 0x0000000707000000, 0x0000000707100000|  0%| F|  |TAMS 0x0000000707000000, 0x0000000707000000| Untracked 
|  81|0x0000000707100000, 0x0000000707100000, 0x0000000707200000|  0%| F|  |TAMS 0x0000000707100000, 0x0000000707100000| Untracked 
|  82|0x0000000707200000, 0x0000000707200000, 0x0000000707300000|  0%| F|  |TAMS 0x0000000707200000, 0x0000000707200000| Untracked 
|  83|0x0000000707300000, 0x0000000707300000, 0x0000000707400000|  0%| F|  |TAMS 0x0000000707300000, 0x0000000707300000| Untracked 
|  84|0x0000000707400000, 0x0000000707400000, 0x0000000707500000|  0%| F|  |TAMS 0x0000000707400000, 0x0000000707400000| Untracked 
|  85|0x0000000707500000, 0x0000000707500000, 0x0000000707600000|  0%| F|  |TAMS 0x0000000707500000, 0x0000000707500000| Untracked 
|  86|0x0000000707600000, 0x0000000707600000, 0x0000000707700000|  0%| F|  |TAMS 0x0000000707600000, 0x0000000707600000| Untracked 
|  87|0x0000000707700000, 0x0000000707700000, 0x0000000707800000|  0%| F|  |TAMS 0x0000000707700000, 0x0000000707700000| Untracked 
|  88|0x0000000707800000, 0x0000000707800000, 0x0000000707900000|  0%| F|  |TAMS 0x0000000707800000, 0x0000000707800000| Untracked 
|  89|0x0000000707900000, 0x0000000707900000, 0x0000000707a00000|  0%| F|  |TAMS 0x0000000707900000, 0x0000000707900000| Untracked 
|  90|0x0000000707a00000, 0x0000000707a00000, 0x0000000707b00000|  0%| F|  |TAMS 0x0000000707a00000, 0x0000000707a00000| Untracked 
|  91|0x0000000707b00000, 0x0000000707b00000, 0x0000000707c00000|  0%| F|  |TAMS 0x0000000707b00000, 0x0000000707b00000| Untracked 
|  92|0x0000000707c00000, 0x0000000707c00000, 0x0000000707d00000|  0%| F|  |TAMS 0x0000000707c00000, 0x0000000707c00000| Untracked 
|  93|0x0000000707d00000, 0x0000000707d00000, 0x0000000707e00000|  0%| F|  |TAMS 0x0000000707d00000, 0x0000000707d00000| Untracked 
|  94|0x0000000707e00000, 0x0000000707e00000, 0x0000000707f00000|  0%| F|  |TAMS 0x0000000707e00000, 0x0000000707e00000| Untracked 
|  95|0x0000000707f00000, 0x0000000707f00000, 0x0000000708000000|  0%| F|  |TAMS 0x0000000707f00000, 0x0000000707f00000| Untracked 
|  96|0x0000000708000000, 0x0000000708000000, 0x0000000708100000|  0%| F|  |TAMS 0x0000000708000000, 0x0000000708000000| Untracked 
|  97|0x0000000708100000, 0x0000000708100000, 0x0000000708200000|  0%| F|  |TAMS 0x0000000708100000, 0x0000000708100000| Untracked 
|  98|0x0000000708200000, 0x0000000708200000, 0x0000000708300000|  0%| F|  |TAMS 0x0000000708200000, 0x0000000708200000| Untracked 
|  99|0x0000000708300000, 0x0000000708300000, 0x0000000708400000|  0%| F|  |TAMS 0x0000000708300000, 0x0000000708300000| Untracked 
| 100|0x0000000708400000, 0x0000000708400000, 0x0000000708500000|  0%| F|  |TAMS 0x0000000708400000, 0x0000000708400000| Untracked 
| 101|0x0000000708500000, 0x0000000708500000, 0x0000000708600000|  0%| F|  |TAMS 0x0000000708500000, 0x0000000708500000| Untracked 
| 102|0x0000000708600000, 0x0000000708600000, 0x0000000708700000|  0%| F|  |TAMS 0x0000000708600000, 0x0000000708600000| Untracked 
| 103|0x0000000708700000, 0x0000000708700000, 0x0000000708800000|  0%| F|  |TAMS 0x0000000708700000, 0x0000000708700000| Untracked 
| 104|0x0000000708800000, 0x0000000708800000, 0x0000000708900000|  0%| F|  |TAMS 0x0000000708800000, 0x0000000708800000| Untracked 
| 105|0x0000000708900000, 0x0000000708900000, 0x0000000708a00000|  0%| F|  |TAMS 0x0000000708900000, 0x0000000708900000| Untracked 
| 106|0x0000000708a00000, 0x0000000708a00000, 0x0000000708b00000|  0%| F|  |TAMS 0x0000000708a00000, 0x0000000708a00000| Untracked 
| 107|0x0000000708b00000, 0x0000000708b00000, 0x0000000708c00000|  0%| F|  |TAMS 0x0000000708b00000, 0x0000000708b00000| Untracked 
| 108|0x0000000708c00000, 0x0000000708c00000, 0x0000000708d00000|  0%| F|  |TAMS 0x0000000708c00000, 0x0000000708c00000| Untracked 
| 109|0x0000000708d00000, 0x0000000708d00000, 0x0000000708e00000|  0%| F|  |TAMS 0x0000000708d00000, 0x0000000708d00000| Untracked 
| 110|0x0000000708e00000, 0x0000000708e00000, 0x0000000708f00000|  0%| F|  |TAMS 0x0000000708e00000, 0x0000000708e00000| Untracked 
| 111|0x0000000708f00000, 0x0000000708f00000, 0x0000000709000000|  0%| F|  |TAMS 0x0000000708f00000, 0x0000000708f00000| Untracked 
| 112|0x0000000709000000, 0x0000000709000000, 0x0000000709100000|  0%| F|  |TAMS 0x0000000709000000, 0x0000000709000000| Untracked 
| 113|0x0000000709100000, 0x0000000709100000, 0x0000000709200000|  0%| F|  |TAMS 0x0000000709100000, 0x0000000709100000| Untracked 
| 114|0x0000000709200000, 0x0000000709200000, 0x0000000709300000|  0%| F|  |TAMS 0x0000000709200000, 0x0000000709200000| Untracked 
| 115|0x0000000709300000, 0x0000000709300000, 0x0000000709400000|  0%| F|  |TAMS 0x0000000709300000, 0x0000000709300000| Untracked 
| 116|0x0000000709400000, 0x0000000709400000, 0x0000000709500000|  0%| F|  |TAMS 0x0000000709400000, 0x0000000709400000| Untracked 
| 117|0x0000000709500000, 0x0000000709500000, 0x0000000709600000|  0%| F|  |TAMS 0x0000000709500000, 0x0000000709500000| Untracked 
| 118|0x0000000709600000, 0x0000000709600000, 0x0000000709700000|  0%| F|  |TAMS 0x0000000709600000, 0x0000000709600000| Untracked 
| 119|0x0000000709700000, 0x0000000709700000, 0x0000000709800000|  0%| F|  |TAMS 0x0000000709700000, 0x0000000709700000| Untracked 
| 120|0x0000000709800000, 0x0000000709800000, 0x0000000709900000|  0%| F|  |TAMS 0x0000000709800000, 0x0000000709800000| Untracked 
| 121|0x0000000709900000, 0x0000000709900000, 0x0000000709a00000|  0%| F|  |TAMS 0x0000000709900000, 0x0000000709900000| Untracked 
| 122|0x0000000709a00000, 0x0000000709a00000, 0x0000000709b00000|  0%| F|  |TAMS 0x0000000709a00000, 0x0000000709a00000| Untracked 
| 123|0x0000000709b00000, 0x0000000709b00000, 0x0000000709c00000|  0%| F|  |TAMS 0x0000000709b00000, 0x0000000709b00000| Untracked 
| 124|0x0000000709c00000, 0x0000000709c00000, 0x0000000709d00000|  0%| F|  |TAMS 0x0000000709c00000, 0x0000000709c00000| Untracked 
| 125|0x0000000709d00000, 0x0000000709d00000, 0x0000000709e00000|  0%| F|  |TAMS 0x0000000709d00000, 0x0000000709d00000| Untracked 
| 126|0x0000000709e00000, 0x0000000709e00000, 0x0000000709f00000|  0%| F|  |TAMS 0x0000000709e00000, 0x0000000709e00000| Untracked 
| 127|0x0000000709f00000, 0x0000000709f00000, 0x000000070a000000|  0%| F|  |TAMS 0x0000000709f00000, 0x0000000709f00000| Untracked 
| 128|0x000000070a000000, 0x000000070a000000, 0x000000070a100000|  0%| F|  |TAMS 0x000000070a000000, 0x000000070a000000| Untracked 
| 129|0x000000070a100000, 0x000000070a100000, 0x000000070a200000|  0%| F|  |TAMS 0x000000070a100000, 0x000000070a100000| Untracked 
| 130|0x000000070a200000, 0x000000070a200000, 0x000000070a300000|  0%| F|  |TAMS 0x000000070a200000, 0x000000070a200000| Untracked 
| 131|0x000000070a300000, 0x000000070a300000, 0x000000070a400000|  0%| F|  |TAMS 0x000000070a300000, 0x000000070a300000| Untracked 
| 132|0x000000070a400000, 0x000000070a400000, 0x000000070a500000|  0%| F|  |TAMS 0x000000070a400000, 0x000000070a400000| Untracked 
| 133|0x000000070a500000, 0x000000070a500000, 0x000000070a600000|  0%| F|  |TAMS 0x000000070a500000, 0x000000070a500000| Untracked 
| 134|0x000000070a600000, 0x000000070a600000, 0x000000070a700000|  0%| F|  |TAMS 0x000000070a600000, 0x000000070a600000| Untracked 
| 135|0x000000070a700000, 0x000000070a700000, 0x000000070a800000|  0%| F|  |TAMS 0x000000070a700000, 0x000000070a700000| Untracked 
| 136|0x000000070a800000, 0x000000070a800000, 0x000000070a900000|  0%| F|  |TAMS 0x000000070a800000, 0x000000070a800000| Untracked 
| 137|0x000000070a900000, 0x000000070a900000, 0x000000070aa00000|  0%| F|  |TAMS 0x000000070a900000, 0x000000070a900000| Untracked 
| 138|0x000000070aa00000, 0x000000070aa00000, 0x000000070ab00000|  0%| F|  |TAMS 0x000000070aa00000, 0x000000070aa00000| Untracked 
| 139|0x000000070ab00000, 0x000000070ab00000, 0x000000070ac00000|  0%| F|  |TAMS 0x000000070ab00000, 0x000000070ab00000| Untracked 
| 140|0x000000070ac00000, 0x000000070ac00000, 0x000000070ad00000|  0%| F|  |TAMS 0x000000070ac00000, 0x000000070ac00000| Untracked 
| 141|0x000000070ad00000, 0x000000070ad00000, 0x000000070ae00000|  0%| F|  |TAMS 0x000000070ad00000, 0x000000070ad00000| Untracked 
| 142|0x000000070ae00000, 0x000000070ae00000, 0x000000070af00000|  0%| F|  |TAMS 0x000000070ae00000, 0x000000070ae00000| Untracked 
| 143|0x000000070af00000, 0x000000070af00000, 0x000000070b000000|  0%| F|  |TAMS 0x000000070af00000, 0x000000070af00000| Untracked 
| 144|0x000000070b000000, 0x000000070b000000, 0x000000070b100000|  0%| F|  |TAMS 0x000000070b000000, 0x000000070b000000| Untracked 
| 145|0x000000070b100000, 0x000000070b100000, 0x000000070b200000|  0%| F|  |TAMS 0x000000070b100000, 0x000000070b100000| Untracked 
| 146|0x000000070b200000, 0x000000070b200000, 0x000000070b300000|  0%| F|  |TAMS 0x000000070b200000, 0x000000070b200000| Untracked 
| 147|0x000000070b300000, 0x000000070b300000, 0x000000070b400000|  0%| F|  |TAMS 0x000000070b300000, 0x000000070b300000| Untracked 
| 148|0x000000070b400000, 0x000000070b400000, 0x000000070b500000|  0%| F|  |TAMS 0x000000070b400000, 0x000000070b400000| Untracked 
| 149|0x000000070b500000, 0x000000070b500000, 0x000000070b600000|  0%| F|  |TAMS 0x000000070b500000, 0x000000070b500000| Untracked 
| 150|0x000000070b600000, 0x000000070b600000, 0x000000070b700000|  0%| F|  |TAMS 0x000000070b600000, 0x000000070b600000| Untracked 
| 151|0x000000070b700000, 0x000000070b700000, 0x000000070b800000|  0%| F|  |TAMS 0x000000070b700000, 0x000000070b700000| Untracked 
| 152|0x000000070b800000, 0x000000070b800000, 0x000000070b900000|  0%| F|  |TAMS 0x000000070b800000, 0x000000070b800000| Untracked 
| 153|0x000000070b900000, 0x000000070b900000, 0x000000070ba00000|  0%| F|  |TAMS 0x000000070b900000, 0x000000070b900000| Untracked 
| 154|0x000000070ba00000, 0x000000070ba00000, 0x000000070bb00000|  0%| F|  |TAMS 0x000000070ba00000, 0x000000070ba00000| Untracked 
| 155|0x000000070bb00000, 0x000000070bb00000, 0x000000070bc00000|  0%| F|  |TAMS 0x000000070bb00000, 0x000000070bb00000| Untracked 
| 156|0x000000070bc00000, 0x000000070bc00000, 0x000000070bd00000|  0%| F|  |TAMS 0x000000070bc00000, 0x000000070bc00000| Untracked 
| 157|0x000000070bd00000, 0x000000070bd00000, 0x000000070be00000|  0%| F|  |TAMS 0x000000070bd00000, 0x000000070bd00000| Untracked 
| 158|0x000000070be00000, 0x000000070be00000, 0x000000070bf00000|  0%| F|  |TAMS 0x000000070be00000, 0x000000070be00000| Untracked 
| 159|0x000000070bf00000, 0x000000070bf00000, 0x000000070c000000|  0%| F|  |TAMS 0x000000070bf00000, 0x000000070bf00000| Untracked 
| 160|0x000000070c000000, 0x000000070c000000, 0x000000070c100000|  0%| F|  |TAMS 0x000000070c000000, 0x000000070c000000| Untracked 
| 161|0x000000070c100000, 0x000000070c100000, 0x000000070c200000|  0%| F|  |TAMS 0x000000070c100000, 0x000000070c100000| Untracked 
| 162|0x000000070c200000, 0x000000070c200000, 0x000000070c300000|  0%| F|  |TAMS 0x000000070c200000, 0x000000070c200000| Untracked 
| 163|0x000000070c300000, 0x000000070c300000, 0x000000070c400000|  0%| F|  |TAMS 0x000000070c300000, 0x000000070c300000| Untracked 
| 164|0x000000070c400000, 0x000000070c400000, 0x000000070c500000|  0%| F|  |TAMS 0x000000070c400000, 0x000000070c400000| Untracked 
| 165|0x000000070c500000, 0x000000070c500000, 0x000000070c600000|  0%| F|  |TAMS 0x000000070c500000, 0x000000070c500000| Untracked 
| 166|0x000000070c600000, 0x000000070c600000, 0x000000070c700000|  0%| F|  |TAMS 0x000000070c600000, 0x000000070c600000| Untracked 
| 167|0x000000070c700000, 0x000000070c700000, 0x000000070c800000|  0%| F|  |TAMS 0x000000070c700000, 0x000000070c700000| Untracked 
| 168|0x000000070c800000, 0x000000070c800000, 0x000000070c900000|  0%| F|  |TAMS 0x000000070c800000, 0x000000070c800000| Untracked 
| 169|0x000000070c900000, 0x000000070c900000, 0x000000070ca00000|  0%| F|  |TAMS 0x000000070c900000, 0x000000070c900000| Untracked 
| 170|0x000000070ca00000, 0x000000070ca00000, 0x000000070cb00000|  0%| F|  |TAMS 0x000000070ca00000, 0x000000070ca00000| Untracked 
| 171|0x000000070cb00000, 0x000000070cb00000, 0x000000070cc00000|  0%| F|  |TAMS 0x000000070cb00000, 0x000000070cb00000| Untracked 
| 172|0x000000070cc00000, 0x000000070cc00000, 0x000000070cd00000|  0%| F|  |TAMS 0x000000070cc00000, 0x000000070cc00000| Untracked 
| 173|0x000000070cd00000, 0x000000070cd00000, 0x000000070ce00000|  0%| F|  |TAMS 0x000000070cd00000, 0x000000070cd00000| Untracked 
| 174|0x000000070ce00000, 0x000000070ce00000, 0x000000070cf00000|  0%| F|  |TAMS 0x000000070ce00000, 0x000000070ce00000| Untracked 
| 175|0x000000070cf00000, 0x000000070cf00000, 0x000000070d000000|  0%| F|  |TAMS 0x000000070cf00000, 0x000000070cf00000| Untracked 
| 176|0x000000070d000000, 0x000000070d000000, 0x000000070d100000|  0%| F|  |TAMS 0x000000070d000000, 0x000000070d000000| Untracked 
| 177|0x000000070d100000, 0x000000070d100000, 0x000000070d200000|  0%| F|  |TAMS 0x000000070d100000, 0x000000070d100000| Untracked 
| 178|0x000000070d200000, 0x000000070d200000, 0x000000070d300000|  0%| F|  |TAMS 0x000000070d200000, 0x000000070d200000| Untracked 
| 179|0x000000070d300000, 0x000000070d300000, 0x000000070d400000|  0%| F|  |TAMS 0x000000070d300000, 0x000000070d300000| Untracked 
| 180|0x000000070d400000, 0x000000070d400000, 0x000000070d500000|  0%| F|  |TAMS 0x000000070d400000, 0x000000070d400000| Untracked 
| 181|0x000000070d500000, 0x000000070d500000, 0x000000070d600000|  0%| F|  |TAMS 0x000000070d500000, 0x000000070d500000| Untracked 
| 182|0x000000070d600000, 0x000000070d600000, 0x000000070d700000|  0%| F|  |TAMS 0x000000070d600000, 0x000000070d600000| Untracked 
| 183|0x000000070d700000, 0x000000070d700000, 0x000000070d800000|  0%| F|  |TAMS 0x000000070d700000, 0x000000070d700000| Untracked 
| 184|0x000000070d800000, 0x000000070d800000, 0x000000070d900000|  0%| F|  |TAMS 0x000000070d800000, 0x000000070d800000| Untracked 
| 185|0x000000070d900000, 0x000000070d900000, 0x000000070da00000|  0%| F|  |TAMS 0x000000070d900000, 0x000000070d900000| Untracked 
| 186|0x000000070da00000, 0x000000070da00000, 0x000000070db00000|  0%| F|  |TAMS 0x000000070da00000, 0x000000070da00000| Untracked 
| 187|0x000000070db00000, 0x000000070db00000, 0x000000070dc00000|  0%| F|  |TAMS 0x000000070db00000, 0x000000070db00000| Untracked 
| 188|0x000000070dc00000, 0x000000070dc00000, 0x000000070dd00000|  0%| F|  |TAMS 0x000000070dc00000, 0x000000070dc00000| Untracked 
| 189|0x000000070dd00000, 0x000000070dd00000, 0x000000070de00000|  0%| F|  |TAMS 0x000000070dd00000, 0x000000070dd00000| Untracked 
| 190|0x000000070de00000, 0x000000070de00000, 0x000000070df00000|  0%| F|  |TAMS 0x000000070de00000, 0x000000070de00000| Untracked 
| 191|0x000000070df00000, 0x000000070df00000, 0x000000070e000000|  0%| F|  |TAMS 0x000000070df00000, 0x000000070df00000| Untracked 
| 192|0x000000070e000000, 0x000000070e000000, 0x000000070e100000|  0%| F|  |TAMS 0x000000070e000000, 0x000000070e000000| Untracked 
| 193|0x000000070e100000, 0x000000070e100000, 0x000000070e200000|  0%| F|  |TAMS 0x000000070e100000, 0x000000070e100000| Untracked 
| 194|0x000000070e200000, 0x000000070e200000, 0x000000070e300000|  0%| F|  |TAMS 0x000000070e200000, 0x000000070e200000| Untracked 
| 195|0x000000070e300000, 0x000000070e300000, 0x000000070e400000|  0%| F|  |TAMS 0x000000070e300000, 0x000000070e300000| Untracked 
| 196|0x000000070e400000, 0x000000070e400000, 0x000000070e500000|  0%| F|  |TAMS 0x000000070e400000, 0x000000070e400000| Untracked 
| 197|0x000000070e500000, 0x000000070e500000, 0x000000070e600000|  0%| F|  |TAMS 0x000000070e500000, 0x000000070e500000| Untracked 
| 198|0x000000070e600000, 0x000000070e600000, 0x000000070e700000|  0%| F|  |TAMS 0x000000070e600000, 0x000000070e600000| Untracked 
| 199|0x000000070e700000, 0x000000070e700000, 0x000000070e800000|  0%| F|  |TAMS 0x000000070e700000, 0x000000070e700000| Untracked 
| 200|0x000000070e800000, 0x000000070e800000, 0x000000070e900000|  0%| F|  |TAMS 0x000000070e800000, 0x000000070e800000| Untracked 
| 201|0x000000070e900000, 0x000000070e900000, 0x000000070ea00000|  0%| F|  |TAMS 0x000000070e900000, 0x000000070e900000| Untracked 
| 202|0x000000070ea00000, 0x000000070ea00000, 0x000000070eb00000|  0%| F|  |TAMS 0x000000070ea00000, 0x000000070ea00000| Untracked 
| 203|0x000000070eb00000, 0x000000070eb00000, 0x000000070ec00000|  0%| F|  |TAMS 0x000000070eb00000, 0x000000070eb00000| Untracked 
| 204|0x000000070ec00000, 0x000000070ec00000, 0x000000070ed00000|  0%| F|  |TAMS 0x000000070ec00000, 0x000000070ec00000| Untracked 
| 205|0x000000070ed00000, 0x000000070ed00000, 0x000000070ee00000|  0%| F|  |TAMS 0x000000070ed00000, 0x000000070ed00000| Untracked 
| 206|0x000000070ee00000, 0x000000070ee00000, 0x000000070ef00000|  0%| F|  |TAMS 0x000000070ee00000, 0x000000070ee00000| Untracked 
| 207|0x000000070ef00000, 0x000000070ef00000, 0x000000070f000000|  0%| F|  |TAMS 0x000000070ef00000, 0x000000070ef00000| Untracked 
| 208|0x000000070f000000, 0x000000070f000000, 0x000000070f100000|  0%| F|  |TAMS 0x000000070f000000, 0x000000070f000000| Untracked 
| 209|0x000000070f100000, 0x000000070f100000, 0x000000070f200000|  0%| F|  |TAMS 0x000000070f100000, 0x000000070f100000| Untracked 
| 210|0x000000070f200000, 0x000000070f200000, 0x000000070f300000|  0%| F|  |TAMS 0x000000070f200000, 0x000000070f200000| Untracked 
| 211|0x000000070f300000, 0x000000070f300000, 0x000000070f400000|  0%| F|  |TAMS 0x000000070f300000, 0x000000070f300000| Untracked 
| 212|0x000000070f400000, 0x000000070f400000, 0x000000070f500000|  0%| F|  |TAMS 0x000000070f400000, 0x000000070f400000| Untracked 
| 213|0x000000070f500000, 0x000000070f500000, 0x000000070f600000|  0%| F|  |TAMS 0x000000070f500000, 0x000000070f500000| Untracked 
| 214|0x000000070f600000, 0x000000070f600000, 0x000000070f700000|  0%| F|  |TAMS 0x000000070f600000, 0x000000070f600000| Untracked 
| 215|0x000000070f700000, 0x000000070f700000, 0x000000070f800000|  0%| F|  |TAMS 0x000000070f700000, 0x000000070f700000| Untracked 
| 216|0x000000070f800000, 0x000000070f800000, 0x000000070f900000|  0%| F|  |TAMS 0x000000070f800000, 0x000000070f800000| Untracked 
| 217|0x000000070f900000, 0x000000070f900000, 0x000000070fa00000|  0%| F|  |TAMS 0x000000070f900000, 0x000000070f900000| Untracked 
| 218|0x000000070fa00000, 0x000000070fa00000, 0x000000070fb00000|  0%| F|  |TAMS 0x000000070fa00000, 0x000000070fa00000| Untracked 
| 219|0x000000070fb00000, 0x000000070fb00000, 0x000000070fc00000|  0%| F|  |TAMS 0x000000070fb00000, 0x000000070fb00000| Untracked 
| 220|0x000000070fc00000, 0x000000070fc00000, 0x000000070fd00000|  0%| F|  |TAMS 0x000000070fc00000, 0x000000070fc00000| Untracked 
| 221|0x000000070fd00000, 0x000000070fd00000, 0x000000070fe00000|  0%| F|  |TAMS 0x000000070fd00000, 0x000000070fd00000| Untracked 
| 222|0x000000070fe00000, 0x000000070fe00000, 0x000000070ff00000|  0%| F|  |TAMS 0x000000070fe00000, 0x000000070fe00000| Untracked 
| 223|0x000000070ff00000, 0x000000070ff00000, 0x0000000710000000|  0%| F|  |TAMS 0x000000070ff00000, 0x000000070ff00000| Untracked 
| 224|0x0000000710000000, 0x0000000710000000, 0x0000000710100000|  0%| F|  |TAMS 0x0000000710000000, 0x0000000710000000| Untracked 
| 225|0x0000000710100000, 0x0000000710100000, 0x0000000710200000|  0%| F|  |TAMS 0x0000000710100000, 0x0000000710100000| Untracked 
| 226|0x0000000710200000, 0x0000000710200000, 0x0000000710300000|  0%| F|  |TAMS 0x0000000710200000, 0x0000000710200000| Untracked 
| 227|0x0000000710300000, 0x0000000710300000, 0x0000000710400000|  0%| F|  |TAMS 0x0000000710300000, 0x0000000710300000| Untracked 
| 228|0x0000000710400000, 0x0000000710400000, 0x0000000710500000|  0%| F|  |TAMS 0x0000000710400000, 0x0000000710400000| Untracked 
| 229|0x0000000710500000, 0x0000000710500000, 0x0000000710600000|  0%| F|  |TAMS 0x0000000710500000, 0x0000000710500000| Untracked 
| 230|0x0000000710600000, 0x0000000710600000, 0x0000000710700000|  0%| F|  |TAMS 0x0000000710600000, 0x0000000710600000| Untracked 
| 231|0x0000000710700000, 0x0000000710700000, 0x0000000710800000|  0%| F|  |TAMS 0x0000000710700000, 0x0000000710700000| Untracked 
| 232|0x0000000710800000, 0x0000000710800000, 0x0000000710900000|  0%| F|  |TAMS 0x0000000710800000, 0x0000000710800000| Untracked 
| 233|0x0000000710900000, 0x0000000710900000, 0x0000000710a00000|  0%| F|  |TAMS 0x0000000710900000, 0x0000000710900000| Untracked 
| 234|0x0000000710a00000, 0x0000000710a00000, 0x0000000710b00000|  0%| F|  |TAMS 0x0000000710a00000, 0x0000000710a00000| Untracked 
| 235|0x0000000710b00000, 0x0000000710b00000, 0x0000000710c00000|  0%| F|  |TAMS 0x0000000710b00000, 0x0000000710b00000| Untracked 
| 236|0x0000000710c00000, 0x0000000710c00000, 0x0000000710d00000|  0%| F|  |TAMS 0x0000000710c00000, 0x0000000710c00000| Untracked 
| 237|0x0000000710d00000, 0x0000000710d00000, 0x0000000710e00000|  0%| F|  |TAMS 0x0000000710d00000, 0x0000000710d00000| Untracked 
| 238|0x0000000710e00000, 0x0000000710e00000, 0x0000000710f00000|  0%| F|  |TAMS 0x0000000710e00000, 0x0000000710e00000| Untracked 
| 239|0x0000000710f00000, 0x0000000710f00000, 0x0000000711000000|  0%| F|  |TAMS 0x0000000710f00000, 0x0000000710f00000| Untracked 
| 240|0x0000000711000000, 0x0000000711000000, 0x0000000711100000|  0%| F|  |TAMS 0x0000000711000000, 0x0000000711000000| Untracked 
| 241|0x0000000711100000, 0x0000000711100000, 0x0000000711200000|  0%| F|  |TAMS 0x0000000711100000, 0x0000000711100000| Untracked 
| 242|0x0000000711200000, 0x0000000711200000, 0x0000000711300000|  0%| F|  |TAMS 0x0000000711200000, 0x0000000711200000| Untracked 
| 243|0x0000000711300000, 0x0000000711341540, 0x0000000711400000| 25%| S|CS|TAMS 0x0000000711300000, 0x0000000711300000| Complete 
| 244|0x0000000711400000, 0x0000000711500000, 0x0000000711500000|100%| S|CS|TAMS 0x0000000711400000, 0x0000000711400000| Complete 
| 245|0x0000000711500000, 0x0000000711500000, 0x0000000711600000|  0%| F|  |TAMS 0x0000000711500000, 0x0000000711500000| Untracked 
| 246|0x0000000711600000, 0x0000000711600000, 0x0000000711700000|  0%| F|  |TAMS 0x0000000711600000, 0x0000000711600000| Untracked 
| 247|0x0000000711700000, 0x0000000711700000, 0x0000000711800000|  0%| F|  |TAMS 0x0000000711700000, 0x0000000711700000| Untracked 
| 248|0x0000000711800000, 0x0000000711800000, 0x0000000711900000|  0%| F|  |TAMS 0x0000000711800000, 0x0000000711800000| Untracked 
| 249|0x0000000711900000, 0x0000000711900000, 0x0000000711a00000|  0%| F|  |TAMS 0x0000000711900000, 0x0000000711900000| Untracked 
| 250|0x0000000711a00000, 0x0000000711a00000, 0x0000000711b00000|  0%| F|  |TAMS 0x0000000711a00000, 0x0000000711a00000| Untracked 
| 251|0x0000000711b00000, 0x0000000711b00000, 0x0000000711c00000|  0%| F|  |TAMS 0x0000000711b00000, 0x0000000711b00000| Untracked 
| 252|0x0000000711c00000, 0x0000000711c00000, 0x0000000711d00000|  0%| F|  |TAMS 0x0000000711c00000, 0x0000000711c00000| Untracked 
| 253|0x0000000711d00000, 0x0000000711e00000, 0x0000000711e00000|100%| E|  |TAMS 0x0000000711d00000, 0x0000000711d00000| Complete 

Card table byte_map: [0x00000288fd3a0000,0x00000288fdb90000] _byte_map_base: 0x00000288f9b90000

Marking Bits (Prev, Next): (CMBitMap*) 0x00000288fad4c068, (CMBitMap*) 0x00000288fad4c0a0
 Prev Bits: [0x0000028897610000, 0x000002889b590000)
 Next Bits: [0x000002889b590000, 0x000002889f510000)

Polling page: 0x00000288fab60000

Metaspace:

Usage:
  Non-class:     18.38 MB capacity,    18.12 MB ( 99%) used,   203.25 KB (  1%) free+waste,    55.88 KB ( <1%) overhead. 
      Class:      2.45 MB capacity,     2.18 MB ( 89%) used,   242.97 KB ( 10%) free+waste,    29.25 KB (  1%) overhead. 
       Both:     20.82 MB capacity,    20.30 MB ( 98%) used,   446.22 KB (  2%) free+waste,    85.13 KB ( <1%) overhead. 

Virtual space:
  Non-class space:       20.00 MB reserved,      18.50 MB ( 93%) committed 
      Class space:        1.00 GB reserved,       2.50 MB ( <1%) committed 
             Both:        1.02 GB reserved,      21.00 MB (  2%) committed 

Chunk freelists:
   Non-Class:  0 bytes
       Class:  21.00 KB
        Both:  21.00 KB

MaxMetaspaceSize: 17179869184.00 GB
CompressedClassSpaceSize: 1.00 GB

CodeHeap 'non-profiled nmethods': size=120064Kb used=519Kb max_used=519Kb free=119545Kb
 bounds [0x00000288900d0000, 0x0000028890340000, 0x0000028897610000]
CodeHeap 'profiled nmethods': size=120000Kb used=2730Kb max_used=2730Kb free=117269Kb
 bounds [0x0000028888ba0000, 0x0000028888e50000, 0x00000288900d0000]
CodeHeap 'non-nmethods': size=5696Kb used=1254Kb max_used=1267Kb free=4441Kb
 bounds [0x0000028888610000, 0x0000028888880000, 0x0000028888ba0000]
 total_blobs=2200 nmethods=1560 adapters=552
 compilation: enabled
              stopped_count=0, restarted_count=0
 full_count=0

Compilation events (20 events):
Event: 2.947 Thread 0x00000288ff327800 nmethod 1550 0x0000028888e44410 code [0x0000028888e44780, 0x0000028888e45fa8]
Event: 2.948 Thread 0x00000288ff327800 1551       3       java.util.ArrayDeque::pollFirst (36 bytes)
Event: 2.948 Thread 0x00000288ff327800 nmethod 1551 0x0000028888e46990 code [0x0000028888e46b60, 0x0000028888e46f98]
Event: 2.954 Thread 0x00000288ff327800 1552       1       java.lang.NamedPackage::module (5 bytes)
Event: 2.954 Thread 0x00000288ff327800 nmethod 1552 0x0000028890151190 code [0x0000028890151340, 0x00000288901513f8]
Event: 2.956 Thread 0x00000288ff327800 1553       3       java.security.CodeSource::getCertificates (98 bytes)
Event: 2.957 Thread 0x00000288ff327800 nmethod 1553 0x0000028888e47110 code [0x0000028888e47380, 0x0000028888e47fb8]
Event: 2.960 Thread 0x00000288ff327800 1554       3       jdk.internal.ref.PhantomCleanable::clean (16 bytes)
Event: 2.960 Thread 0x00000288ff327800 nmethod 1554 0x0000028888e48290 code [0x0000028888e48460, 0x0000028888e48738]
Event: 2.960 Thread 0x00000288ff327800 1555       3       jdk.internal.ref.CleanerImpl$PhantomCleanableRef::performCleanup (10 bytes)
Event: 2.960 Thread 0x00000288ff327800 nmethod 1555 0x0000028888e48810 code [0x0000028888e489c0, 0x0000028888e48b88]
Event: 2.966 Thread 0x00000288ff327800 1556   !   3       java.lang.ref.ReferenceQueue::enqueue (119 bytes)
Event: 2.968 Thread 0x00000288ff327800 nmethod 1556 0x0000028888e48c90 code [0x0000028888e48e80, 0x0000028888e49648]
Event: 2.968 Thread 0x00000288ff327800 1558   !   3       java.lang.ref.ReferenceQueue::remove (125 bytes)
Event: 2.970 Thread 0x00000288ff327800 nmethod 1558 0x0000028888e49810 code [0x0000028888e49a40, 0x0000028888e4a2b8]
Event: 2.971 Thread 0x00000288ff327800 1559       3       java.util.concurrent.ConcurrentHashMap::remove (8 bytes)
Event: 2.971 Thread 0x00000288ff327800 nmethod 1559 0x0000028888e4a610 code [0x0000028888e4a7c0, 0x0000028888e4a908]
Event: 2.974 Thread 0x00000288ff327800 1560       1       java.util.zip.ZipEntry::getSize (5 bytes)
Event: 2.974 Thread 0x00000288ff327800 nmethod 1560 0x0000028890151910 code [0x0000028890151ac0, 0x0000028890151b78]
Event: 2.979 Thread 0x00000288ff321000 1561       4       java.lang.StringBuilder::append (8 bytes)

GC Heap History (4 events):
Event: 2.305 GC heap before
{Heap before GC invocations=0 (full 0):
 garbage-first heap   total 260096K, used 14336K [0x0000000702000000, 0x0000000800000000)
  region size 1024K, 14 young (14336K), 0 survivors (0K)
 Metaspace       used 17164K, capacity 17521K, committed 17792K, reserved 1064960K
  class space    used 1885K, capacity 2066K, committed 2176K, reserved 1048576K
}
Event: 2.314 GC heap after
{Heap after GC invocations=1 (full 0):
 garbage-first heap   total 260096K, used 4599K [0x0000000702000000, 0x0000000800000000)
  region size 1024K, 2 young (2048K), 2 survivors (2048K)
 Metaspace       used 17164K, capacity 17521K, committed 17792K, reserved 1064960K
  class space    used 1885K, capacity 2066K, committed 2176K, reserved 1048576K
}
Event: 2.961 GC heap before
{Heap before GC invocations=1 (full 0):
 garbage-first heap   total 260096K, used 14839K [0x0000000702000000, 0x0000000800000000)
  region size 1024K, 11 young (11264K), 2 survivors (2048K)
 Metaspace       used 20665K, capacity 21192K, committed 21248K, reserved 1069056K
  class space    used 2223K, capacity 2506K, committed 2560K, reserved 1048576K
}
Event: 2.966 GC heap after
{Heap after GC invocations=2 (full 0):
 garbage-first heap   total 260096K, used 7691K [0x0000000702000000, 0x0000000800000000)
  region size 1024K, 2 young (2048K), 2 survivors (2048K)
 Metaspace       used 20665K, capacity 21192K, committed 21248K, reserved 1069056K
  class space    used 2223K, capacity 2506K, committed 2560K, reserved 1048576K
}

Deoptimization events (20 events):
Event: 2.724 Thread 0x00000288facee000 Uncommon trap: trap_request=0xffffff4d fr.pc=0x00000288900ffcf0 relative=0x0000000000000350
Event: 2.724 Thread 0x00000288facee000 Uncommon trap: reason=unstable_if action=reinterpret pc=0x00000288900ffcf0 method=jdk.internal.org.objectweb.asm.Type.getArgumentsAndReturnSizes(Ljava/lang/String;)I @ 88 c2
Event: 2.724 Thread 0x00000288facee000 DEOPT PACKING pc=0x00000288900ffcf0 sp=0x0000009e455fcd20
Event: 2.724 Thread 0x00000288facee000 DEOPT UNPACKING pc=0x0000028888637b2f sp=0x0000009e455fcca8 mode 2
Event: 2.728 Thread 0x00000288facee000 Uncommon trap: trap_request=0xffffff4d fr.pc=0x0000028890105f6c relative=0x000000000000334c
Event: 2.728 Thread 0x00000288facee000 Uncommon trap: reason=unstable_if action=reinterpret pc=0x0000028890105f6c method=jdk.internal.org.objectweb.asm.Frame.execute(IILjdk/internal/org/objectweb/asm/ClassWriter;Ljdk/internal/org/objectweb/asm/Item;)V @ 1 c2
Event: 2.728 Thread 0x00000288facee000 DEOPT PACKING pc=0x0000028890105f6c sp=0x0000009e455fc640
Event: 2.728 Thread 0x00000288facee000 DEOPT UNPACKING pc=0x0000028888637b2f sp=0x0000009e455fc5e0 mode 2
Event: 2.759 Thread 0x00000288facee000 Uncommon trap: trap_request=0xffffff4d fr.pc=0x00000288901414bc relative=0x000000000000009c
Event: 2.759 Thread 0x00000288facee000 Uncommon trap: reason=unstable_if action=reinterpret pc=0x00000288901414bc method=java.nio.Buffer.position(I)Ljava/nio/Buffer; @ 37 c2
Event: 2.759 Thread 0x00000288facee000 DEOPT PACKING pc=0x00000288901414bc sp=0x0000009e455fc0c0
Event: 2.759 Thread 0x00000288facee000 DEOPT UNPACKING pc=0x0000028888637b2f sp=0x0000009e455fc000 mode 2
Event: 2.761 Thread 0x00000288facee000 Uncommon trap: trap_request=0xffffff4d fr.pc=0x00000288901347bc relative=0x000000000000009c
Event: 2.761 Thread 0x00000288facee000 Uncommon trap: reason=unstable_if action=reinterpret pc=0x00000288901347bc method=java.nio.Buffer.position(I)Ljava/nio/Buffer; @ 37 c2
Event: 2.761 Thread 0x00000288facee000 DEOPT PACKING pc=0x00000288901347bc sp=0x0000009e455fc070
Event: 2.761 Thread 0x00000288facee000 DEOPT UNPACKING pc=0x0000028888637b2f sp=0x0000009e455fc008 mode 2
Event: 2.971 Thread 0x00000288facee000 Uncommon trap: trap_request=0xffffff4d fr.pc=0x0000028890126ac0 relative=0x0000000000000440
Event: 2.971 Thread 0x00000288facee000 Uncommon trap: reason=unstable_if action=reinterpret pc=0x0000028890126ac0 method=java.lang.ref.ReferenceQueue.poll()Ljava/lang/ref/Reference; @ 4 c2
Event: 2.971 Thread 0x00000288facee000 DEOPT PACKING pc=0x0000028890126ac0 sp=0x0000009e455fde20
Event: 2.971 Thread 0x00000288facee000 DEOPT UNPACKING pc=0x0000028888637b2f sp=0x0000009e455fdd08 mode 2

Classes redefined (0 events):
No events

Internal exceptions (20 events):
Event: 0.866 Thread 0x00000288facee000 Exception <a 'java/lang/NoSuchMethodError'{0x00000007117b7138}: 'java.lang.Object java.lang.invoke.DirectMethodHandle$Holder.invokeStatic(java.lang.Object, java.lang.Object, java.lang.Object, java.lang.Object, java.lang.Object, java.lang.Object, java.lang.Object, java.lang.Object, int, int)'> (0x00000007117b7138) thrown at [./src/hotspot/share/interpreter/linkResolver.cpp, line 773]
Event: 0.940 Thread 0x00000288facee000 Exception <a 'java/lang/NoSuchMethodError'{0x000000071169f378}: 'java.lang.Object java.lang.invoke.DirectMethodHandle$Holder.invokeStatic(java.lang.Object, int, java.lang.Object, java.lang.Object, java.lang.Object, java.lang.Object)'> (0x000000071169f378) thrown at [./src/hotspot/share/interpreter/linkResolver.cpp, line 773]
Event: 0.943 Thread 0x00000288facee000 Exception <a 'java/lang/NoSuchMethodError'{0x00000007116a6190}: 'java.lang.Object java.lang.invoke.DirectMethodHandle$Holder.invokeStatic(java.lang.Object, int, java.lang.Object, java.lang.Object, java.lang.Object)'> (0x00000007116a6190) thrown at [./src/hotspot/share/interpreter/linkResolver.cpp, line 773]
Event: 0.943 Thread 0x00000288facee000 Exception <a 'java/lang/NoSuchMethodError'{0x00000007116a9a30}: 'java.lang.Object java.lang.invoke.DirectMethodHandle$Holder.invokeSpecial(java.lang.Object, java.lang.Object, int, java.lang.Object, java.lang.Object, java.lang.Object)'> (0x00000007116a9a30) thrown at [./src/hotspot/share/interpreter/linkResolver.cpp, line 773]
Event: 1.088 Thread 0x00000288facee000 Exception <a 'java/lang/NoSuchMethodError'{0x00000007115a2aa0}: 'java.lang.Object java.lang.invoke.DirectMethodHandle$Holder.invokeStatic(java.lang.Object, int, int, int, int)'> (0x00000007115a2aa0) thrown at [./src/hotspot/share/interpreter/linkResolver.cpp, line 773]
Event: 1.089 Thread 0x00000288facee000 Exception <a 'java/lang/NoSuchMethodError'{0x00000007115a5bc8}: 'java.lang.Object java.lang.invoke.DirectMethodHandle$Holder.invokeStaticInit(java.lang.Object, int, int, int, int)'> (0x00000007115a5bc8) thrown at [./src/hotspot/share/interpreter/linkResolver.cpp, line 773]
Event: 1.756 Thread 0x00000288facee000 Exception <a 'java/lang/NoSuchMethodError'{0x00000007115d9ef8}: 'java.lang.Object java.lang.invoke.DirectMethodHandle$Holder.invokeStatic(java.lang.Object, java.lang.Object, int, int, int, int)'> (0x00000007115d9ef8) thrown at [./src/hotspot/share/interpreter/linkResolver.cpp, line 773]
Event: 1.756 Thread 0x00000288facee000 Exception <a 'java/lang/NoSuchMethodError'{0x00000007115dd250}: 'java.lang.Object java.lang.invoke.DirectMethodHandle$Holder.invokeStaticInit(java.lang.Object, java.lang.Object, int, int, int, int)'> (0x00000007115dd250) thrown at [./src/hotspot/share/interpreter/linkResolver.cpp, line 773]
Event: 2.135 Thread 0x00000288facee000 Exception <a 'java/lang/ClassNotFoundException'{0x00000007112cee30}: com/sun/swing/internal/plaf/metal/resources/spi/metalProvider> (0x00000007112cee30) thrown at [./src/hotspot/share/classfile/systemDictionary.cpp, line 231]
Event: 2.136 Thread 0x00000288facee000 Exception <a 'java/lang/ClassNotFoundException'{0x00000007112d3d38}: com/sun/swing/internal/plaf/basic/resources/spi/basicProvider> (0x00000007112d3d38) thrown at [./src/hotspot/share/classfile/systemDictionary.cpp, line 231]
Event: 2.154 Thread 0x00000288facee000 Implicit null exception at 0x00000288901202de to 0x00000288901211dc
Event: 2.267 Thread 0x00000288a3353800 Implicit null exception at 0x0000028890113cf4 to 0x00000288901141dc
Event: 2.463 Thread 0x00000288facee000 Exception <a 'java/lang/NoSuchMethodError'{0x0000000711b3bc78}: 'void java.lang.invoke.DirectMethodHandle$Holder.invokeStaticInit(java.lang.Object)'> (0x0000000711b3bc78) thrown at [./src/hotspot/share/interpreter/linkResolver.cpp, line 773]
Event: 2.483 Thread 0x00000288facee000 Exception <a 'java/lang/NoSuchMethodError'{0x0000000711a8f598}: 'java.lang.Object java.lang.invoke.DirectMethodHandle$Holder.invokeStatic(java.lang.Object, java.lang.Object, java.lang.Object, java.lang.Object, java.lang.Object, java.lang.Object, java.lang.Object, java.lang.Object, java.lang.Object, java.lang.Object, java.lang.Object, int)'> (0x0000000711a8f598) thrown at [./src/hotspot/share/interpreter/linkResolver.cpp, line 773]
Event: 2.488 Thread 0x00000288facee000 Exception <a 'java/lang/NoSuchMethodError'{0x0000000711aad7a0}: 'java.lang.Object java.lang.invoke.DirectMethodHandle$Holder.invokeStatic(java.lang.Object, java.lang.Object, java.lang.Object, java.lang.Object, java.lang.Object, java.lang.Object, java.lang.Object, java.lang.Object, java.lang.Object, java.lang.Object, java.lang.Object, int, int)'> (0x0000000711aad7a0) thrown at [./src/hotspot/share/interpreter/linkResolver.cpp, line 773]
Event: 2.491 Thread 0x00000288facee000 Exception <a 'java/lang/NoSuchMethodError'{0x0000000711acc738}: 'java.lang.Object java.lang.invoke.DirectMethodHandle$Holder.invokeStatic(java.lang.Object, java.lang.Object, java.lang.Object, java.lang.Object, java.lang.Object, java.lang.Object, java.lang.Object, java.lang.Object, java.lang.Object, java.lang.Object, java.lang.Object, int, int, java.lang.Object)'> (0x0000000711acc738) thrown at [./src/hotspot/share/interpreter/linkResolver.cpp, line 773]
Event: 2.494 Thread 0x00000288facee000 Exception <a 'java/lang/NoSuchMethodError'{0x0000000711ad8790}: 'java.lang.Object java.lang.invoke.Invokers$Holder.linkToTargetMethod(java.lang.Object, int, java.lang.Object)'> (0x0000000711ad8790) thrown at [./src/hotspot/share/interpreter/linkResolver.cpp, line 773]
Event: 2.555 Thread 0x00000288facee000 Exception <a 'java/lang/NoSuchMethodError'{0x0000000711927f10}: 'java.lang.Object java.lang.invoke.DirectMethodHandle$Holder.invokeStatic(java.lang.Object, java.lang.Object, java.lang.Object, java.lang.Object, java.lang.Object, java.lang.Object, java.lang.Object, java.lang.Object, java.lang.Object, java.lang.Object, java.lang.Object, int, int, java.lang.Object, java.lang.Object)'> (0x0000000711927f10) thrown at [./src/hotspot/share/interpreter/linkResolver.cpp, line 773]
Event: 2.728 Thread 0x00000288facee000 Exception <a 'java/lang/NoSuchMethodError'{0x00000007117f61b0}: 'int java.lang.invoke.DirectMethodHandle$Holder.invokeSpecialIFC(java.lang.Object, java.lang.Object, int)'> (0x00000007117f61b0) thrown at [./src/hotspot/share/interpreter/linkResolver.cpp, line 773]
Event: 2.900 Thread 0x00000288facee000 Exception <a 'java/lang/NoSuchMethodError'{0x000000071151b288}: 'java.lang.Object java.lang.invoke.DirectMethodHandle$Holder.invokeVirtual(java.lang.Object, java.lang.Object, java.lang.Object)'> (0x000000071151b288) thrown at [./src/hotspot/share/interpreter/linkResolver.cpp, line 773]

Events (20 events):
Event: 2.976 loading class com/mysql/cj/conf/PropertyDefinitions$DatabaseTerm done
Event: 2.977 loading class com/mysql/cj/conf/PropertyDefinitions$SslMode
Event: 2.977 loading class com/mysql/cj/conf/PropertyDefinitions$SslMode done
Event: 2.977 loading class com/mysql/cj/conf/PropertyDefinitions$ZeroDatetimeBehavior
Event: 2.977 loading class com/mysql/cj/conf/PropertyDefinitions$ZeroDatetimeBehavior done
Event: 2.977 loading class com/mysql/cj/conf/PropertyDefinitions$XdevapiSslMode
Event: 2.977 loading class com/mysql/cj/conf/PropertyDefinitions$XdevapiSslMode done
Event: 2.977 loading class com/mysql/cj/conf/PropertyDefinitions$AuthMech
Event: 2.977 loading class com/mysql/cj/conf/PropertyDefinitions$AuthMech done
Event: 2.978 loading class com/mysql/cj/conf/PropertyDefinitions$Compression
Event: 2.978 loading class com/mysql/cj/conf/PropertyDefinitions$Compression done
Event: 2.978 loading class com/mysql/cj/conf/StringPropertyDefinition
Event: 2.978 loading class com/mysql/cj/conf/StringPropertyDefinition done
Event: 2.979 loading class com/mysql/cj/conf/AbstractPropertyDefinition
Event: 2.979 loading class com/mysql/cj/conf/AbstractPropertyDefinition done
Event: 2.980 Executing VM operation: RevokeBias
Event: 2.980 Executing VM operation: RevokeBias done
Event: 2.980 loading class com/mysql/cj/conf/BooleanPropertyDefinition
Event: 2.980 loading class com/mysql/cj/conf/BooleanPropertyDefinition done
Event: 2.980 Executing VM operation: CGC_Operation


Dynamic libraries:
0x00007ff740c60000 - 0x00007ff740c6d000 	C:\Program Files\AdoptOpenJDK\jdk-11.0.10.9-hotspot\bin\java.exe
0x00007ffd79a30000 - 0x00007ffd79c25000 	C:\Windows\SYSTEM32\ntdll.dll
0x00007ffd785c0000 - 0x00007ffd7867d000 	C:\Windows\System32\KERNEL32.DLL
0x00007ffd77300000 - 0x00007ffd775c8000 	C:\Windows\System32\KERNELBASE.dll
0x00007ffd778f0000 - 0x00007ffd779f0000 	C:\Windows\System32\ucrtbase.dll
0x00007ffd6fd80000 - 0x00007ffd6fd95000 	C:\Program Files\AdoptOpenJDK\jdk-11.0.10.9-hotspot\bin\VCRUNTIME140.dll
0x00007ffd6fc80000 - 0x00007ffd6fc97000 	C:\Program Files\AdoptOpenJDK\jdk-11.0.10.9-hotspot\bin\jli.dll
0x00007ffd78dc0000 - 0x00007ffd78f60000 	C:\Windows\System32\USER32.dll
0x00007ffd76590000 - 0x00007ffd7682a000 	C:\Windows\WinSxS\amd64_microsoft.windows.common-controls_6595b64144ccf1df_6.0.19041.844_none_ca00b6081b84eb1d\COMCTL32.dll
0x00007ffd77170000 - 0x00007ffd77192000 	C:\Windows\System32\win32u.dll
0x00007ffd78cb0000 - 0x00007ffd78d4e000 	C:\Windows\System32\msvcrt.dll
0x00007ffd78330000 - 0x00007ffd7835a000 	C:\Windows\System32\GDI32.dll
0x00007ffd775d0000 - 0x00007ffd776db000 	C:\Windows\System32\gdi32full.dll
0x00007ffd779f0000 - 0x00007ffd77a8d000 	C:\Windows\System32\msvcp_win.dll
0x00007ffd78420000 - 0x00007ffd78450000 	C:\Windows\System32\IMM32.DLL
0x00007ffd5ead0000 - 0x00007ffd5eb6b000 	C:\Program Files\AdoptOpenJDK\jdk-11.0.10.9-hotspot\bin\msvcp140.dll
0x00007ffd22ba0000 - 0x00007ffd236e3000 	C:\Program Files\AdoptOpenJDK\jdk-11.0.10.9-hotspot\bin\server\jvm.dll
0x00007ffd78b80000 - 0x00007ffd78c2c000 	C:\Windows\System32\ADVAPI32.dll
0x00007ffd78520000 - 0x00007ffd785bb000 	C:\Windows\System32\sechost.dll
0x00007ffd78840000 - 0x00007ffd7896b000 	C:\Windows\System32\RPCRT4.dll
0x00007ffd78410000 - 0x00007ffd78418000 	C:\Windows\System32\PSAPI.DLL
0x00007ffd567b0000 - 0x00007ffd567b9000 	C:\Windows\SYSTEM32\WSOCK32.dll
0x00007ffd78d50000 - 0x00007ffd78dbb000 	C:\Windows\System32\WS2_32.dll
0x00007ffd63c60000 - 0x00007ffd63c87000 	C:\Windows\SYSTEM32\WINMM.dll
0x00007ffd6d920000 - 0x00007ffd6d92a000 	C:\Windows\SYSTEM32\VERSION.dll
0x00007ffd74290000 - 0x00007ffd742a2000 	C:\Windows\SYSTEM32\kernel.appcore.dll
0x00007ffd71f10000 - 0x00007ffd71f20000 	C:\Program Files\AdoptOpenJDK\jdk-11.0.10.9-hotspot\bin\verify.dll
0x00007ffd76ba0000 - 0x00007ffd76d84000 	C:\Windows\SYSTEM32\DBGHELP.DLL
0x00007ffd76af0000 - 0x00007ffd76b1c000 	C:\Windows\SYSTEM32\dbgcore.DLL
0x00007ffd77280000 - 0x00007ffd77300000 	C:\Windows\System32\bcryptPrimitives.dll
0x00007ffd6e8b0000 - 0x00007ffd6e8d8000 	C:\Program Files\AdoptOpenJDK\jdk-11.0.10.9-hotspot\bin\java.dll
0x00007ffd71f00000 - 0x00007ffd71f0a000 	C:\Program Files\AdoptOpenJDK\jdk-11.0.10.9-hotspot\bin\jimage.dll
0x00007ffd6e3c0000 - 0x00007ffd6e3d7000 	C:\Program Files\AdoptOpenJDK\jdk-11.0.10.9-hotspot\bin\zip.dll
0x00007ffd77b40000 - 0x00007ffd78282000 	C:\Windows\System32\SHELL32.dll
0x00007ffd744d0000 - 0x00007ffd74c60000 	C:\Windows\SYSTEM32\windows.storage.dll
0x00007ffd790a0000 - 0x00007ffd793f5000 	C:\Windows\System32\combase.dll
0x00007ffd76420000 - 0x00007ffd7644c000 	C:\Windows\SYSTEM32\Wldp.dll
0x00007ffd77a90000 - 0x00007ffd77b3e000 	C:\Windows\System32\SHCORE.dll
0x00007ffd78ac0000 - 0x00007ffd78b15000 	C:\Windows\System32\shlwapi.dll
0x00007ffd770b0000 - 0x00007ffd770cf000 	C:\Windows\SYSTEM32\profapi.dll
0x00007ffd610f0000 - 0x00007ffd61109000 	C:\Program Files\AdoptOpenJDK\jdk-11.0.10.9-hotspot\bin\net.dll
0x00007ffd64e80000 - 0x00007ffd64f8b000 	C:\Windows\SYSTEM32\WINHTTP.dll
0x00007ffd76200000 - 0x00007ffd7626a000 	C:\Windows\system32\mswsock.dll
0x00007ffd60010000 - 0x00007ffd60022000 	C:\Program Files\AdoptOpenJDK\jdk-11.0.10.9-hotspot\bin\nio.dll
0x00007ffd431d0000 - 0x00007ffd43369000 	C:\Program Files\AdoptOpenJDK\jdk-11.0.10.9-hotspot\bin\awt.dll
0x00007ffd78450000 - 0x00007ffd7851d000 	C:\Windows\System32\OLEAUT32.dll
0x00007ffd73cd0000 - 0x00007ffd73d60000 	C:\Windows\SYSTEM32\apphelp.dll
0x00007ffd73e60000 - 0x00007ffd73efe000 	C:\Windows\system32\uxtheme.dll
0x00007ffd798d0000 - 0x00007ffd799e5000 	C:\Windows\System32\MSCTF.dll
0x00007ffd78970000 - 0x00007ffd78a9a000 	C:\Windows\System32\ole32.dll
0x00007ffd73f90000 - 0x00007ffd73fbf000 	C:\Windows\system32\DWMAPI.DLL
0x00007ffd76f00000 - 0x00007ffd76f18000 	C:\Windows\SYSTEM32\CRYPTSP.dll
0x00007ffd75be0000 - 0x00007ffd75c14000 	C:\Windows\system32\rsaenh.dll
0x00007ffd77200000 - 0x00007ffd77227000 	C:\Windows\System32\bcrypt.dll
0x00007ffd77030000 - 0x00007ffd7705e000 	C:\Windows\SYSTEM32\USERENV.dll
0x00007ffd76380000 - 0x00007ffd7638c000 	C:\Windows\SYSTEM32\CRYPTBASE.dll
0x00007ffd75f10000 - 0x00007ffd75f4b000 	C:\Windows\SYSTEM32\IPHLPAPI.DLL
0x00007ffd78290000 - 0x00007ffd78298000 	C:\Windows\System32\NSI.dll
0x00007ffd6afd0000 - 0x00007ffd6afe7000 	C:\Windows\SYSTEM32\dhcpcsvc6.DLL
0x00007ffd67ba0000 - 0x00007ffd67bbd000 	C:\Windows\SYSTEM32\dhcpcsvc.DLL
0x00007ffd75f50000 - 0x00007ffd7601c000 	C:\Windows\SYSTEM32\DNSAPI.dll
0x00007ffd5ec30000 - 0x00007ffd5ecb5000 	C:\Program Files\AdoptOpenJDK\jdk-11.0.10.9-hotspot\bin\freetype.dll
0x00007ffd5fff0000 - 0x00007ffd60002000 	C:\Program Files\AdoptOpenJDK\jdk-11.0.10.9-hotspot\bin\fontmanager.dll
0x00007ffd400c0000 - 0x00007ffd4017c000 	C:\Program Files\AdoptOpenJDK\jdk-11.0.10.9-hotspot\bin\harfbuzz.dll
0x00007ffd4ecc0000 - 0x00007ffd4ede6000 	C:\Windows\system32\opengl32.dll
0x00007ffd5a400000 - 0x00007ffd5a42c000 	C:\Windows\SYSTEM32\GLU32.dll
0x00007ffd5edd0000 - 0x00007ffd5edfd000 	C:\Program Files\AdoptOpenJDK\jdk-11.0.10.9-hotspot\bin\javajpeg.dll
0x00007ffd78360000 - 0x00007ffd78409000 	C:\Windows\System32\clbcatq.dll
0x00007ffd70980000 - 0x00007ffd70b34000 	C:\Windows\SYSTEM32\WindowsCodecs.dll
0x00007ffd4b300000 - 0x00007ffd4b33e000 	C:\Windows\system32\dataexchange.dll
0x00007ffd728c0000 - 0x00007ffd72b24000 	C:\Windows\system32\d3d11.dll
0x00007ffd730f0000 - 0x00007ffd732d5000 	C:\Windows\system32\dcomp.dll
0x00007ffd74ea0000 - 0x00007ffd74f94000 	C:\Windows\system32\dxgi.dll
0x00007ffd70c30000 - 0x00007ffd70e31000 	C:\Windows\system32\twinapi.appcore.dll

dbghelp: loaded successfully - version: 4.0.5 - missing functions: none
symbol engine: initialized successfully - sym options: 0x614 - pdb path: .;C:\Program Files\AdoptOpenJDK\jdk-11.0.10.9-hotspot\bin;C:\Windows\SYSTEM32;C:\Windows\WinSxS\amd64_microsoft.windows.common-controls_6595b64144ccf1df_6.0.19041.844_none_ca00b6081b84eb1d;C:\Program Files\AdoptOpenJDK\jdk-11.0.10.9-hotspot\bin\server

VM Arguments:
jvm_args: -Dfile.encoding=UTF-8 --module-path=C:\Users\eltu_\OneDrive\Escritorio\PROGRAMACION 2 - PROYECT\PubliccacionesPR2\ProyectProgra2\build\classes 
java_command: proyectprogra2.ProyectProgra2
java_class_path (initial): C:\Users\eltu_\Downloads\mysql-connector-java-8.0.21.jar;C:\Program Files\NetBeans-12.3\netbeans\java\modules\ext\AbsoluteLayout.jar;C:\Users\eltu_\Downloads\librerias\AbsoluteLayout.jar;C:\Users\eltu_\Downloads\librerias\commons-beanutils-1.8.0.jar;C:\Users\eltu_\Downloads\librerias\commons-collections-3.2.1.jar;C:\Users\eltu_\Downloads\librerias\commons-digester-2.1.jar;C:\Users\eltu_\Downloads\librerias\commons-logging-1.2.jar;C:\Users\eltu_\Downloads\librerias\groovy-2.4.5.jar;C:\Users\eltu_\Downloads\librerias\iText-2.1.5.jar;C:\Users\eltu_\Downloads\librerias\itextpdf-5.5.4.jar;C:\Users\eltu_\Downloads\librerias\jasperreports-6.0.0.jar;C:\Users\eltu_\Downloads\librerias\jcalendar-1.4.jar;C:\Users\eltu_\Downloads\librerias\jcommon-1.0.16.jar;C:\Users\eltu_\Downloads\librerias\jfreechart-1.0.13.jar;C:\Users\eltu_\Downloads\librerias\poi-3.6-20091214.jar;C:\Users\eltu_\Downloads\librerias\material-ui-swing-0.9.6.jar;C:\Users\eltu_\Downloads\librerias\itext-pdfa-5.5.4.jar;C:\Users\eltu_\Downloads\librerias\Atxy2k.jar;C:\Users\eltu_\OneDrive\Escritorio\PROGRAMACION 2 - PROYECT\PubliccacionesPR2\ProyectProgra2\build\classes
Launcher Type: SUN_STANDARD

[Global flags]
     intx CICompilerCount                          = 3                                         {product} {ergonomic}
     uint ConcGCThreads                            = 1                                         {product} {ergonomic}
     uint G1ConcRefinementThreads                  = 4                                         {product} {ergonomic}
   size_t G1HeapRegionSize                         = 1048576                                   {product} {ergonomic}
    uintx GCDrainStackTargetSize                   = 64                                        {product} {ergonomic}
   size_t InitialHeapSize                          = 266338304                                 {product} {ergonomic}
   size_t MarkStackSize                            = 4194304                                   {product} {ergonomic}
   size_t MaxHeapSize                              = 4261412864                                {product} {ergonomic}
   size_t MaxNewSize                               = 2556428288                                {product} {ergonomic}
   size_t MinHeapDeltaBytes                        = 1048576                                   {product} {ergonomic}
    uintx NonNMethodCodeHeapSize                   = 5830732                                {pd product} {ergonomic}
    uintx NonProfiledCodeHeapSize                  = 122913754                              {pd product} {ergonomic}
    uintx ProfiledCodeHeapSize                     = 122913754                              {pd product} {ergonomic}
    uintx ReservedCodeCacheSize                    = 251658240                              {pd product} {ergonomic}
     bool SegmentedCodeCache                       = true                                      {product} {ergonomic}
     bool UseCompressedClassPointers               = true                                 {lp64_product} {ergonomic}
     bool UseCompressedOops                        = true                                 {lp64_product} {ergonomic}
     bool UseG1GC                                  = true                                      {product} {ergonomic}
     bool UseLargePagesIndividualAllocation        = false                                  {pd product} {ergonomic}

Logging:
Log output configuration:
 #0: stdout all=warning uptime,level,tags
 #1: stderr all=off uptime,level,tags

Environment Variables:
JAVA_HOME=C:\Program Files\AdoptOpenJDK\jdk-11.0.10.9-hotspot\
PATH=C:\Program Files\AdoptOpenJDK\jdk-11.0.10.9-hotspot\bin;C:\Program Files\AdoptOpenJDK\jdk-8.0.272.10-hotspot\bin;C:\Python39\Scripts\;C:\Python39\;C:\Windows\system32;C:\Windows;C:\Windows\System32\Wbem;C:\Windows\System32\WindowsPowerShell\v1.0\;C:\Windows\System32\OpenSSH\;C:\Program Files\Git\cmd;C:\ProgramData\chocolatey\bin;C:\Program Files\Microsoft SQL Server\130\Tools\Binn\;C:\Program Files\Microsoft SQL Server\Client SDK\ODBC\170\Tools\Binn\;C:\Program Files\PostgreSQL\13\bin;;C:\Program Files\nodejs\;C:\Program Files\dotnet\;C:\Program Files\Docker\Docker\resources\bin;C:\ProgramData\DockerDesktop\version-bin;C:\Program Files\MySQL\MySQL Shell 8.0\bin\;C:\Users\eltu_\AppData\Local\Microsoft\WindowsApps;C:\Users\eltu_\AppData\Local\Programs\Microsoft VS Code\bin;C:\Program Files\JetBrains\IntelliJ IDEA 2020.2.3\bin;C:\Users\eltu_\AppData\Roaming\npm;C:\tools\neovim\Neovim\bin;C:\Users\eltu_\.dotnet\tools;C:\Users\eltu_\AppData\Local\gitkraken\bin
USERNAME=eltu_
OS=Windows_NT
PROCESSOR_IDENTIFIER=Intel64 Family 6 Model 142 Stepping 9, GenuineIntel



---------------  S Y S T E M  ---------------

OS: Windows 10 , 64 bit Build 19041 (10.0.19041.928)
OS uptime: 7 days 19:03 hours
Hyper-V role detected

CPU:total 4 (initial active 4) (2 cores per cpu, 2 threads per core) family 6 model 142 stepping 9 microcode 0xde, cmov, cx8, fxsr, mmx, sse, sse2, sse3, ssse3, sse4.1, sse4.2, popcnt, avx, avx2, aes, clmul, erms, 3dnowpref, lzcnt, ht, tsc, tscinvbit, bmi1, bmi2, adx, fma

Memory: 4k page, system-wide physical 16252M (6341M free)
TotalPageFile size 36732M (AvailPageFile size 16864M)
current process WorkingSet (physical memory assigned to process): 101M, peak: 101M
current process commit charge ("private bytes"): 363M, peak: 364M

vm_info: OpenJDK 64-Bit Server VM (11.0.10+9) for windows-amd64 JRE (11.0.10+9), built on Jan 20 2021 06:07:07 by "" with MS VC++ 15.9 (VS2017)

END.
